2026-06-04 17:53:00 | SCENE #1
2026-06-04 18:00:31 | SCENE #2
2026-06-04 18:01:41 | SCENE #3
2026-06-04 18:02:33 | SCENE #4
2026-06-04 18:03:17 | SCENE COMPLETE 44.5s
2026-06-04 18:03:17 | SCENE #5
2026-06-04 19:36:46,834 | SCENE #6
2026-06-04 19:37:25,100 | SCENE #7
2026-06-04 19:37:28,252 | SCENE #8
2026-06-04 19:37:29,644 | SCENE #9
2026-06-04 20:28:59,643 | SCENE #10
2026-06-04 20:30:18,515 | SCENE #11
2026-06-04 21:24:38,700 | SC HEARTBEAT LOST
2026-06-04 21:38:54,349 | SC HEARTBEAT RESTORED
2026-06-04 21:39:53,342 | SCENE #12
2026-06-04 21:42:39,716 | SCENE COMPLETE 166.4s
2026-06-04 21:42:39,719 | SCENE #13
2026-06-04 21:44:44,620 | SC HEARTBEAT LOST
2026-06-04 21:50:59,930 | SC HEARTBEAT RESTORED
2026-06-04 21:51:19,986 | SCENE #14
2026-06-04 21:54:06,366 | SCENE COMPLETE 166.4s
2026-06-04 21:54:06,369 | SCENE #15
2026-06-04 21:56:10,180 | SC HEARTBEAT LOST
2026-06-04 22:57:32,479 | SC HEARTBEAT LOST
2026-06-04 22:59:57,587 | SC HEARTBEAT RESTORED
2026-06-04 23:00:14,017 | SCENE #16
2026-06-04 23:24:58,410 | SC HEARTBEAT LOST
2026-06-04 23:25:28,434 | SC HEARTBEAT RESTORED
2026-06-04 23:25:33,259 | SCENE #17
2026-06-05 00:25:38,759 | SC HEARTBEAT LOST
2026-06-05 00:48:42,697 | SC HEARTBEAT LOST
2026-06-05 01:02:22,253 | SC HEARTBEAT LOST
2026-06-05 01:03:28,006 | SC HEARTBEAT LOST
2026-06-05 01:08:35,055 | SC HEARTBEAT LOST
2026-06-05 01:27:45,149 | SC HEARTBEAT LOST
2026-06-05 01:32:05,323 | SCENE #18
2026-06-05 01:32:13,115 | SCENE #19
2026-06-05 01:36:41,701 | SCENE #20
2026-06-05 01:48:25,203 | SCENE #21
2026-06-05 01:48:30,890 | SCENE #22
2026-06-05 01:48:36,729 | SC HEARTBEAT LOST
2026-06-05 01:50:06,086 | SC HEARTBEAT LOST
2026-06-05 02:00:56,938 | SCENE #23
2026-06-05 02:01:09,290 | SCENE #24
2026-06-05 02:01:33,743 | SC HEARTBEAT LOST
2026-06-05 02:10:39,179 | SC HEARTBEAT RESTORED
2026-06-05 02:42:03,431 | SCENE #25
2026-06-05 02:46:02,190 | SCENE #26
2026-06-05 02:57:43,131 | SCENE #27
2026-06-05 03:02:09,229 | SCENE #28
2026-06-05 03:06:00,454 | SCENE #29
2026-06-05 03:08:43,658 | SCENE #30
2026-06-05 03:13:31,783 | SCENE #31
2026-06-05 03:13:52,831 | SCENE #32
2026-06-05 03:14:09,688 | SCENE #33
2026-06-05 03:15:44,842 | SCENE #34
2026-06-05 03:15:51,734 | SCENE #35
2026-06-05 03:16:00,695 | SCENE #36
2026-06-05 03:16:07,189 | SCENE #37
2026-06-05 03:16:15,110 | SCENE #38
2026-06-05 03:16:22,327 | SCENE #39
2026-06-05 03:16:36,296 | SCENE #40
2026-06-05 03:19:37,134 | SCENE #41
2026-06-05 03:19:53,479 | SCENE #42
2026-06-05 03:22:22,800 | SCENE #43
2026-06-05 03:23:32,281 | SCENE #44
2026-06-05 03:56:58,694 | SCENE #45
2026-06-05 12:10:59,026 | SC HEARTBEAT LOST
2026-06-05 12:11:04,030 | SC HEARTBEAT RESTORED
2026-06-05 12:17:34,188 | SCENE #46
2026-06-05 12:20:14,377 | SCENE #47
2026-06-05 12:26:30,328 | SC HEARTBEAT LOST
2026-06-05 12:26:50,345 | SC HEARTBEAT RESTORED
2026-06-05 12:29:05,156 | SCENE #48
2026-06-05 12:38:30,887 | SC HEARTBEAT LOST
2026-06-05 12:46:39,406 | SCENE #49
2026-06-05 12:48:23,074 | SC HEARTBEAT LOST
2026-06-05 12:48:48,090 | SC HEARTBEAT RESTORED
2026-06-05 13:34:40,976 | SC HEARTBEAT LOST
2026-06-05 13:48:11,954 | SC HEARTBEAT LOST
2026-06-05 13:53:52,183 | SC HEARTBEAT LOST
2026-06-05 13:55:27,236 | SC HEARTBEAT RESTORED
2026-06-05 14:35:10,126 | SC HEARTBEAT LOST
2026-06-05 14:38:36,251 | SC HEARTBEAT LOST
2026-06-05 14:41:11,524 | SC HEARTBEAT LOST
2026-06-05 14:42:27,758 | SC HEARTBEAT LOST
2026-06-05 14:45:49,039 | SC HEARTBEAT LOST
2026-06-05 14:47:27,432 | SC HEARTBEAT LOST
2026-06-05 15:01:48,104 | SC HEARTBEAT LOST
2026-06-05 15:04:31,205 | SC HEARTBEAT LOST
2026-06-05 15:10:18,238 | SC HEARTBEAT LOST
2026-06-05 15:15:24,899 | SC HEARTBEAT LOST
2026-06-05 15:19:51,025 | SC HEARTBEAT LOST
2026-06-05 15:22:01,759 | SC HEARTBEAT LOST
2026-06-05 15:45:21,865 | SC HEARTBEAT LOST
2026-06-05 15:46:44,618 | SC HEARTBEAT LOST
2026-06-05 15:47:54,285 | SC HEARTBEAT LOST
2026-06-05 15:48:56,545 | SC HEARTBEAT LOST
2026-06-05 15:54:46,768 | SC HEARTBEAT LOST
2026-06-05 15:57:40,148 | SC HEARTBEAT LOST
2026-06-05 16:06:49,538 | SC HEARTBEAT LOST
2026-06-05 16:12:32,741 | SC HEARTBEAT LOST
2026-06-05 16:13:12,234 | SC HEARTBEAT LOST
2026-06-05 16:14:00,058 | SC HEARTBEAT LOST
2026-06-05 16:15:55,805 | SC HEARTBEAT LOST
2026-06-05 16:19:53,810 | SC HEARTBEAT LOST
2026-06-05 16:53:06,197 | SC HEARTBEAT LOST
2026-06-05 17:46:04,542 | SC HEARTBEAT LOST
2026-06-06 15:31:27,574 | SC HEARTBEAT LOST
2026-06-06 15:34:37,773 | SC HEARTBEAT LOST
2026-06-06 15:42:44,540 | SC HEARTBEAT LOST
2026-06-06 15:59:25,770 | SC HEARTBEAT LOST
2026-06-06 16:05:05,161 | SC HEARTBEAT LOST
2026-06-06 16:31:16,488 | SC HEARTBEAT RESTORED
2026-06-06 16:31:44,228 | SCENE #50
2026-06-06 16:51:32,837 | SCENE #51
2026-06-06 16:52:36,357 | SCENE #52
2026-06-06 16:55:22,740 | SCENE COMPLETE 166.4s
2026-06-06 16:55:22,741 | SCENE #53
